[14:54:23.698] [RECV] New fields: 1, 2, 3, 4, 5, 6, 7, 8, 9, 11, 12, 13, 14, 15, 26, 82, 177, 189, 200 (total 19 unique)
[14:54:23.700] [RECV] New fields: 10, 84, 88, 92, 95, 151, 159, 169, 182, 195, 196 (total 30 unique)
[14:54:23.703] [RECV] New fields: 87, 109, 124, 147 (total 34 unique)
[14:54:23.912] [RECV] New fields: 64, 76, 130, 179, 191 (total 39 unique)
[14:54:23.913] [RECV] New fields: 20, 35, 36, 41, 51, 66, 72, 79, 85, 86, 96, 105, 115, 131, 134, 141, 146, 153, 157, 165, 173, 175, 176, 183, 188, 192, 193 (total 66 unique)
[14:54:24.029] [RECV] New fields: 126 (total 67 unique)
[14:54:24.187] [RECV] New fields: 18, 121, 143, 156 (total 71 unique)
[14:54:24.246] [RECV] New fields: 128, 150, 162, 164 (total 75 unique)
[14:54:24.249] [RECV] New fields: 33, 34, 46, 63, 119, 122, 137, 187, 197 (total 84 unique)
[14:54:24.478] [RECV] New fields: 53, 166 (total 86 unique)
[14:54:24.479] [RECV] New fields: 152, 155 (total 88 unique)
[14:54:24.537] [RECV] New fields: 32, 107, 132 (total 91 unique)
[14:54:24.538] [RECV] New fields: 17, 48 (total 93 unique)
[14:54:24.637] [RECV] New fields: 28, 30, 111 (total 96 unique)
[14:54:24.682] [RECV] New fields: 194 (total 97 unique)
[14:54:24.921] [RECV] New fields: 142 (total 98 unique)
[14:54:25.191] [RECV] New fields: 54, 61 (total 100 unique)
[14:54:25.351] [RECV] New fields: 45, 127 (total 102 unique)
[14:54:25.353] [RECV] New fields: 73, 101 (total 104 unique)
[14:54:25.643] [RECV] New fields: 120, 160, 178 (total 107 unique)
[14:54:25.644] [RECV] New fields: 22, 56, 110, 113, 114, 133, 140, 170, 180, 184, 198 (total 118 unique)
[14:54:26.102] [RECV] New fields: 154 (total 119 unique)
[14:54:26.584] [RECV] New fields: 23, 24, 39, 52, 108 (total 124 unique)
[14:54:26.585] [RECV] New fields: 16, 19, 21, 25, 31, 37, 38, 40, 42, 43, 44, 47, 49, 50, 57, 58, 59, 65, 67, 68, 69, 70, 71, 74, 77, 78, 80, 81, 83, 89, 90, 91, 93, 94, 99, 100, 102, 103, 104, 106, 112, 116, 117, 118, 123, 125, 129, 135, 136, 138, 144, 145, 148, 149, 158, 161, 163, 167, 168, 171, 172, 174, 181, 185, 186, 190 (total 190 unique)
[14:54:27.143] [RECV] New fields: 98, 139 (total 192 unique)
[14:54:27.564] [RECV] New fields: 27, 29, 60, 97 (total 196 unique)
[14:54:31.173] [RECV] New fields: 55, 199 (total 198 unique)
[14:54:35.328] [RECV] New fields: 62, 75 (total 200 unique)
[15:05:14.016] [RECV] New fields: 3, 6, 12, 13, 14, 15 (total 6 unique)
[15:05:18.020] [RECV] New fields: 1, 2, 4, 5, 7, 8, 9, 10, 11, 114, 132, 156, 163, 181 (total 20 unique)
[15:05:18.023] [RECV] New fields: 16, 17, 18, 21, 23, 25, 26, 27, 28, 29, 30, 31, 32, 33, 34, 36, 39, 40, 43, 44, 45, 46, 47, 49, 52, 53, 55, 58, 59, 60, 62, 63, 64, 65, 66, 68, 69, 72, 73, 75, 77, 78, 79, 80, 81, 82, 83, 84, 85, 86, 87, 88, 89, 90, 91, 96, 100, 101, 102, 104, 105, 107, 108, 109, 111, 112, 113, 118, 123, 124, 126, 127, 128, 129, 131, 133, 134, 136, 137, 139, 141, 142, 144, 145, 148, 151, 153, 154, 155, 157, 159, 161, 162, 164, 165, 167, 168, 169, 170, 171, 173, 174, 175, 176, 179, 182, 183, 184, 185, 186, 188, 189, 192, 194, 195, 196, 199, 200 (total 138 unique)
[15:05:18.276] [RECV] New fields: 121 (total 139 unique)
[15:05:18.278] [RECV] New fields: 22, 24, 38, 42, 48, 54, 57, 71, 92, 93, 97, 98, 116, 119, 120, 125, 130, 138, 147, 152, 158, 160, 166, 190, 193 (total 164 unique)
[15:05:18.755] [RECV] New fields: 99 (total 165 unique)
[15:05:30.705] [RECV] New fields: 37, 106, 140 (total 168 unique)
[15:05:35.703] [RECV] New fields: 172 (total 169 unique)
[15:05:35.709] [RECV] New fields: 50, 94, 135, 146 (total 173 unique)
[15:05:35.710] [RECV] New fields: 61, 177 (total 175 unique)
[15:05:36.350] [RECV] New fields: 180 (total 176 unique)
[15:05:42.148] [RECV] New fields: 20 (total 177 unique)
[15:05:56.292] [RECV] New fields: 103, 197 (total 179 unique)
[15:05:56.358] [RECV] New fields: 76 (total 180 unique)
[15:06:07.512] [RECV] New fields: 110 (total 181 unique)
[15:06:12.504] [RECV] New fields: 95 (total 182 unique)
[15:06:32.684] [RECV] New fields: 51 (total 183 unique)
[15:08:10.105] [RECV] New fields: 191 (total 184 unique)
[15:08:10.405] [RECV] New fields: 198 (total 185 unique)
[15:08:12.500] [RECV] New fields: 117 (total 186 unique)
[15:08:53.658] [RECV] New fields: 67, 150 (total 188 unique)
[15:10:04.666] [RECV] New fields: 115 (total 189 unique)
[15:10:04.788] [RECV] New fields: 35 (total 190 unique)
[15:10:04.846] [RECV] New fields: 149 (total 191 unique)
[15:10:05.012] [RECV] New fields: 41, 122 (total 193 unique)
[15:10:05.062] [RECV] New fields: 70 (total 194 unique)
[15:10:10.767] [RECV] New fields: 187 (total 195 unique)
[15:10:11.014] [RECV] New fields: 74 (total 196 unique)
[15:10:14.147] [RECV] New fields: 19 (total 197 unique)
[15:10:14.263] [RECV] New fields: 56 (total 198 unique)
[15:10:16.216] [RECV] New fields: 178 (total 199 unique)
[15:10:17.668] [RECV] New fields: 143 (total 200 unique)
[15:29:24.495] [RECV] New fields: 1, 2, 3, 4, 5, 6, 7, 8, 9, 10, 11, 12, 13, 14, 15, 84, 117, 146, 147, 150, 161, 178 (total 22 unique)
[15:29:24.498] [RECV] New fields: 44, 57, 60, 62, 105, 115, 116, 123, 136, 176, 183, 197 (total 34 unique)
[15:29:24.530] [RECV] New fields: 112, 149 (total 36 unique)
[15:29:24.572] [RECV] New fields: 68, 80 (total 38 unique)
[15:29:24.650] [RECV] New fields: 43, 49, 66, 96, 157, 158 (total 44 unique)
[15:29:24.652] [RECV] New fields: 19, 32, 64, 69, 188 (total 49 unique)
[15:29:24.669] [RECV] New fields: 38, 97, 113 (total 52 unique)
[15:29:24.776] [RECV] New fields: 121 (total 53 unique)
[15:29:24.849] [RECV] New fields: 148, 168 (total 55 unique)
[15:29:24.905] [RECV] New fields: 90, 135 (total 57 unique)
[15:29:24.959] [RECV] New fields: 21, 130 (total 59 unique)
[15:29:24.979] [RECV] New fields: 16 (total 60 unique)
[15:29:25.100] [RECV] New fields: 79, 100, 126, 162 (total 64 unique)
[15:29:25.101] [RECV] New fields: 18, 40, 50, 59, 81, 131, 151, 169, 187 (total 73 unique)
[15:29:25.120] [RECV] New fields: 20, 160, 163, 199 (total 77 unique)
[15:29:25.122] [RECV] New fields: 134, 186 (total 79 unique)
[15:29:25.204] [RECV] New fields: 102, 106, 165 (total 82 unique)
[15:29:25.380] [RECV] New fields: 166 (total 83 unique)
[15:29:25.381] [RECV] New fields: 25, 27, 34, 36, 47, 65, 78, 92, 189 (total 92 unique)
[15:29:25.449] [RECV] New fields: 23, 152, 167 (total 95 unique)
[15:29:25.574] [RECV] New fields: 22 (total 96 unique)
[15:29:25.695] [RECV] New fields: 53 (total 97 unique)
[15:29:25.696] [RECV] New fields: 30, 145, 155 (total 100 unique)
[15:29:25.809] [RECV] New fields: 86, 124 (total 102 unique)
[15:29:25.810] [RECV] New fields: 191 (total 103 unique)
[15:29:25.850] [RECV] New fields: 33, 179 (total 105 unique)
[15:29:25.851] [RECV] New fields: 28, 37, 45, 46, 54, 71, 73, 77, 88, 101, 103, 128, 156, 182, 185, 190 (total 121 unique)
[15:29:25.979] [RECV] New fields: 75, 114, 120, 174 (total 125 unique)
[15:29:25.981] [RECV] New fields: 164, 192, 200 (total 128 unique)
[15:29:26.122] [RECV] New fields: 61, 194 (total 130 unique)
[15:29:26.220] [RECV] New fields: 82, 170 (total 132 unique)
[15:29:26.221] [RECV] New fields: 125, 138 (total 134 unique)
[15:29:26.364] [RECV] New fields: 118 (total 135 unique)
[15:29:26.412] [RECV] New fields: 55 (total 136 unique)
[15:29:26.590] [RECV] New fields: 56, 67 (total 138 unique)
[15:29:26.591] [RECV] New fields: 108 (total 139 unique)
[15:29:26.819] [RECV] New fields: 35 (total 140 unique)
[15:29:27.040] [RECV] New fields: 41 (total 141 unique)
[15:29:27.176] [RECV] New fields: 24, 133 (total 143 unique)
[15:29:27.456] [RECV] New fields: 39, 42, 85, 89, 91, 93, 94, 98, 144, 180 (total 153 unique)
[15:29:28.101] [RECV] New fields: 17, 29, 31, 48, 51, 52, 63, 70, 72, 74, 76, 83, 87, 95, 104, 107, 109, 111, 119, 122, 127, 132, 137, 139, 140, 141, 142, 143, 154, 159, 172, 173, 175, 177, 181, 184, 193, 195, 196, 198 (total 193 unique)
[15:29:28.420] [RECV] New fields: 110, 129 (total 195 unique)
[15:29:28.780] [RECV] New fields: 58 (total 196 unique)
[15:29:28.781] [RECV] New fields: 99 (total 197 unique)
[15:29:30.000] [RECV] New fields: 26, 153 (total 199 unique)
[15:29:30.111] [RECV] New fields: 171 (total 200 unique)
[22:20:18.066] [RECV] New fields: 1, 2, 3, 4, 5, 6, 7, 8, 9, 10, 11, 12, 13, 14, 15, 17, 21, 52, 67 (total 19 unique)
[22:20:18.314] [RECV] New fields: 72 (total 20 unique)
[22:20:18.399] [RECV] New fields: 26, 29, 30, 59, 68, 71, 79, 115, 125, 135, 164, 169, 182, 196 (total 34 unique)
[22:20:18.788] [RECV] New fields: 46, 48, 57, 141 (total 38 unique)
[22:20:19.199] [RECV] New fields: 16, 19, 24, 41, 42, 43, 49, 56, 63, 76, 81, 87, 88, 96, 99, 107, 117, 122, 124, 128, 134, 142, 152, 155, 156, 160, 163, 165, 170, 176, 184, 186, 188, 198, 200 (total 73 unique)
[22:20:19.200] [RECV] New fields: 18, 20, 22, 25, 31, 32, 33, 34, 35, 36, 37, 39, 40, 44, 45, 47, 50, 51, 54, 55, 58, 62, 64, 66, 69, 73, 77, 82, 89, 92, 94, 97, 98, 100, 101, 102, 103, 104, 106, 108, 109, 111, 112, 114, 116, 118, 120, 123, 131, 132, 133, 140, 145, 148, 149, 150, 151, 153, 159, 161, 166, 168, 172, 174, 175, 179, 181, 183, 185, 187, 189, 191, 192, 194, 195, 197 (total 149 unique)
[22:20:19.296] [RECV] New fields: 27, 28, 53, 65, 84, 86, 95, 126, 129, 143, 154, 158, 162, 171, 177, 180, 190 (total 166 unique)
[22:20:19.297] [RECV] New fields: 23, 75, 146 (total 169 unique)
[22:20:19.706] [RECV] New fields: 60, 70, 85, 119, 157, 173 (total 175 unique)
[22:20:20.239] [RECV] New fields: 74, 83, 113, 139 (total 179 unique)
[22:20:20.239] [RECV] New fields: 121, 167, 199 (total 182 unique)
[22:20:20.719] [RECV] New fields: 110 (total 183 unique)
[22:20:21.064] [RECV] New fields: 136 (total 184 unique)
[22:20:21.259] [RECV] New fields: 138 (total 185 unique)
[22:20:21.353] [RECV] New fields: 80 (total 186 unique)
[22:20:21.949] [RECV] New fields: 137, 193 (total 188 unique)
[22:20:22.252] [RECV] New fields: 61, 93, 127, 144, 147 (total 193 unique)
[22:20:23.078] [RECV] New fields: 91 (total 194 unique)
[22:20:23.360] [RECV] New fields: 78 (total 195 unique)
[22:20:24.391] [RECV] New fields: 130 (total 196 unique)
[22:20:25.654] [RECV] New fields: 38, 105 (total 198 unique)
[22:20:28.729] [RECV] New fields: 90 (total 199 unique)
[22:20:28.935] [RECV] New fields: 178 (total 200 unique)
